INFO 2025-07-29 13:35:29,248 views 13888 17176 No items found in request data
INFO 2025-07-30 08:41:41,722 views 11544 5540 Bill created successfully with PDF saved to: bills/pdf/bill_image_1753861299964.pdf
INFO 2025-07-30 08:41:41,726 views 11544 5540 Original image saved to: bills/original/bill_image_1753861299964.jpg
INFO 2025-08-06 14:35:49,792 views 18340 24288 Cache set for bill statistics: user 1
INFO 2025-08-06 14:35:51,559 views 18340 384 Cache hit for bill statistics: user 1
INFO 2025-08-06 14:36:17,978 views 18340 384 Cache hit for bill statistics: user 1
INFO 2025-08-06 14:36:20,111 views 18340 384 Cache hit for bill statistics: user 1
INFO 2025-08-06 14:36:25,311 views 18340 24288 Cache hit for bill statistics: user 1
INFO 2025-08-06 14:36:35,973 views 18340 24288 Cache hit for bill statistics: user 1
INFO 2025-08-06 14:36:54,344 views 18340 24288 Cache hit for bill statistics: user 1
INFO 2025-08-06 14:37:26,049 views 24180 19220 Cache hit for bill statistics: user 1
INFO 2025-08-06 14:37:30,602 views 24180 19220 Cache set for bill list: user 1
INFO 2025-08-06 14:38:31,681 views 24180 9644 Cache hit for bill statistics: user 1
INFO 2025-08-06 14:40:44,438 views 24180 14816 Cache hit for bill statistics: user 1
INFO 2025-08-06 14:41:07,853 views 24180 18704 Cache hit for bill statistics: user 1
INFO 2025-08-06 14:41:47,537 views 24180 24028 Cache hit for bill statistics: user 1
INFO 2025-08-06 14:41:48,330 views 24180 24028 Cache hit for bill statistics: user 1
INFO 2025-08-06 14:41:57,856 views 24180 15192 Cache hit for bill statistics: user 1
INFO 2025-08-06 14:43:52,700 views 12308 21332 Cache hit for bill statistics: user 1
INFO 2025-08-06 14:44:27,906 views 12308 16076 Cache hit for bill statistics: user 1
INFO 2025-08-06 14:44:28,719 views 12308 16076 Cache hit for bill statistics: user 1
INFO 2025-08-06 14:44:29,403 views 12308 16076 Cache hit for bill statistics: user 1
INFO 2025-08-06 14:44:57,234 views 12308 24064 Cache hit for bill statistics: user 1
INFO 2025-08-06 14:44:57,899 views 12308 24064 Cache hit for bill statistics: user 1
INFO 2025-08-06 14:45:05,696 views 12308 15428 Cache hit for bill statistics: user 1
INFO 2025-08-06 14:45:07,100 views 12308 15428 Cache hit for bill statistics: user 1
INFO 2025-08-06 14:45:15,541 views 12308 4836 Cache hit for bill statistics: user 1
INFO 2025-08-06 14:45:43,738 views 12308 2164 Cache hit for bill statistics: user 1
INFO 2025-08-06 15:14:56,291 views 11020 11664 Cache set for bill statistics: user 1
INFO 2025-08-06 15:39:45,878 views 19760 17904 Cache set for bill statistics: user 1
INFO 2025-08-06 15:41:11,745 views 19760 18764 Cache hit for bill statistics: user 1
INFO 2025-08-06 15:41:24,351 views 19760 18252 Cache hit for bill statistics: user 1
INFO 2025-08-06 15:41:42,033 views 19760 21568 Cache hit for bill statistics: user 1
INFO 2025-08-06 15:42:03,013 views 19760 23544 Cache hit for bill statistics: user 1
INFO 2025-08-06 15:42:03,609 views 19760 23544 Cache hit for bill statistics: user 1
INFO 2025-08-06 15:42:15,787 views 19760 18252 Cache hit for bill statistics: user 1
INFO 2025-08-06 15:42:16,209 views 19760 18252 Cache hit for bill statistics: user 1
INFO 2025-08-06 15:42:16,627 views 19760 18252 Cache hit for bill statistics: user 1
INFO 2025-08-06 15:42:17,039 views 19760 18252 Cache hit for bill statistics: user 1
INFO 2025-08-06 15:42:28,556 views 19760 18912 Cache hit for bill statistics: user 1
INFO 2025-08-06 15:42:28,980 views 19760 18912 Cache hit for bill statistics: user 1
INFO 2025-08-06 15:42:58,106 views 19760 18912 Cache hit for bill statistics: user 1
INFO 2025-08-06 15:42:58,534 views 19760 18912 Cache hit for bill statistics: user 1
INFO 2025-08-06 15:43:15,461 views 19760 23544 Cache set for bill list: user 1
INFO 2025-08-06 15:43:58,592 views 19760 18912 Cache hit for bill statistics: user 1
INFO 2025-08-06 15:43:59,129 views 19760 18912 Cache hit for bill statistics: user 1
INFO 2025-08-06 15:44:06,213 views 19760 18912 Cache hit for bill statistics: user 1
INFO 2025-08-06 15:44:06,755 views 19760 18912 Cache hit for bill statistics: user 1
INFO 2025-08-06 15:44:07,227 views 19760 18912 Cache hit for bill statistics: user 1
INFO 2025-08-06 15:44:21,681 views 19760 21568 Cache hit for bill statistics: user 1
INFO 2025-08-06 15:44:22,327 views 19760 21568 Cache hit for bill statistics: user 1
INFO 2025-08-06 15:44:23,034 views 19760 21568 Cache hit for bill statistics: user 1
INFO 2025-08-06 15:44:23,917 views 19760 21568 Cache hit for bill statistics: user 1
INFO 2025-08-06 15:44:24,521 views 19760 21568 Cache hit for bill statistics: user 1
INFO 2025-08-06 15:44:25,150 views 19760 21568 Cache hit for bill statistics: user 1
INFO 2025-08-06 15:44:25,790 views 19760 21568 Cache hit for bill statistics: user 1
INFO 2025-08-06 15:44:26,420 views 19760 21568 Cache hit for bill statistics: user 1
INFO 2025-08-06 15:44:27,035 views 19760 21568 Cache hit for bill statistics: user 1
